{"/Users/julimen5/Documents/proyects/braintly/backend/src/features/shared/adapter/shared.mapping.ts": {"path":"/Users/julimen5/Documents/proyects/braintly/backend/src/features/shared/adapter/shared.mapping.ts","statementMap":{"0":{"start":{"line":7,"column":2},"end":{"line":9,"column":null}},"1":{"start":{"line":9,"column":46},"end":{"line":9,"column":61}},"2":{"start":{"line":3,"column":0},"end":{"line":3,"column":16}}},"fnMap":{"0":{"name":"mapGetMany","decl":{"start":{"line":3,"column":16},"end":{"line":3,"column":26}},"loc":{"start":{"line":5,"column":35},"end":{"line":11,"column":1}}},"1":{"name":"(anonymous_1)","decl":{"start":{"line":9,"column":36},"end":{"line":9,"column":37}},"loc":{"start":{"line":9,"column":46},"end":{"line":9,"column":61}}}},"branchMap":{"0":{"loc":{"start":{"line":9,"column":11},"end":{"line":9,"column":62}},"type":"cond-expr","locations":[{"start":{"line":9,"column":24},"end":{"line":9,"column":26}},{"start":{"line":9,"column":11},"end":{"line":9,"column":62}}]},"1":{"loc":{"start":{"line":9,"column":11},"end":{"line":9,"column":26}},"type":"binary-expr","locations":[{"start":{"line":9,"column":11},"end":{"line":9,"column":26}},{"start":{"line":9,"column":11},"end":{"line":9,"column":26}}]}},"s":{"0":0,"1":0,"2":1},"f":{"0":0,"1":0},"b":{"0":[0,0],"1":[0,0]}}
,"/Users/julimen5/Documents/proyects/braintly/backend/src/features/shared/adapter/dto/pagination.dto.ts": {"path":"/Users/julimen5/Documents/proyects/braintly/backend/src/features/shared/adapter/dto/pagination.dto.ts","statementMap":{"0":{"start":{"line":1,"column":0},"end":{"line":1,"column":41}},"1":{"start":{"line":2,"column":0},"end":{"line":2,"column":40}},"2":{"start":{"line":7,"column":2},"end":{"line":7,"column":11}},"3":{"start":{"line":11,"column":2},"end":{"line":11,"column":16}},"4":{"start":{"line":5,"column":2},"end":{"line":7,"column":null}},"5":{"start":{"line":6,"column":14},"end":{"line":6,"column":20}},"6":{"start":{"line":9,"column":2},"end":{"line":11,"column":null}},"7":{"start":{"line":10,"column":14},"end":{"line":10,"column":20}},"8":{"start":{"line":4,"column":0},"end":{"line":4,"column":13}}},"fnMap":{"0":{"name":"(anonymous_2)","decl":{"start":{"line":4,"column":0},"end":{"line":4,"column":13}},"loc":{"start":{"line":4,"column":0},"end":{"line":12,"column":1}}},"1":{"name":"(anonymous_3)","decl":{"start":{"line":6,"column":8},"end":{"line":6,"column":11}},"loc":{"start":{"line":6,"column":14},"end":{"line":6,"column":20}}},"2":{"name":"(anonymous_4)","decl":{"start":{"line":10,"column":8},"end":{"line":10,"column":11}},"loc":{"start":{"line":10,"column":14},"end":{"line":10,"column":20}}}},"branchMap":{},"s":{"0":1,"1":1,"2":0,"3":0,"4":1,"5":0,"6":1,"7":0,"8":1},"f":{"0":0,"1":0,"2":0},"b":{}}
,"/Users/julimen5/Documents/proyects/braintly/backend/src/features/shared/domain/extra-info.entity.ts": {"path":"/Users/julimen5/Documents/proyects/braintly/backend/src/features/shared/domain/extra-info.entity.ts","statementMap":{"0":{"start":{"line":1,"column":0},"end":{"line":1,"column":69}},"1":{"start":{"line":5,"column":2},"end":{"line":6,"column":null}},"2":{"start":{"line":8,"column":2},"end":{"line":9,"column":null}},"3":{"start":{"line":11,"column":2},"end":{"line":16,"column":null}},"4":{"start":{"line":14,"column":19},"end":{"line":14,"column":41}},"5":{"start":{"line":18,"column":2},"end":{"line":24,"column":null}},"6":{"start":{"line":21,"column":19},"end":{"line":21,"column":41}},"7":{"start":{"line":4,"column":0},"end":{"line":4,"column":22}}},"fnMap":{"0":{"name":"(anonymous_2)","decl":{"start":{"line":14,"column":13},"end":{"line":14,"column":16}},"loc":{"start":{"line":14,"column":19},"end":{"line":14,"column":41}}},"1":{"name":"(anonymous_3)","decl":{"start":{"line":21,"column":13},"end":{"line":21,"column":16}},"loc":{"start":{"line":21,"column":19},"end":{"line":21,"column":41}}}},"branchMap":{},"s":{"0":0,"1":0,"2":0,"3":0,"4":0,"5":0,"6":0,"7":0},"f":{"0":0,"1":0},"b":{}}
,"/Users/julimen5/Documents/proyects/braintly/backend/src/features/shared/domain/idEntity.ts": {"path":"/Users/julimen5/Documents/proyects/braintly/backend/src/features/shared/domain/idEntity.ts","statementMap":{"0":{"start":{"line":1,"column":0},"end":{"line":1,"column":46}},"1":{"start":{"line":2,"column":0},"end":{"line":2,"column":51}},"2":{"start":{"line":5,"column":2},"end":{"line":8,"column":null}},"3":{"start":{"line":4,"column":0},"end":{"line":4,"column":22}}},"fnMap":{},"branchMap":{},"s":{"0":1,"1":1,"2":1,"3":1},"f":{},"b":{}}
,"/Users/julimen5/Documents/proyects/braintly/backend/src/features/task/adapter/task.controller.ts": {"path":"/Users/julimen5/Documents/proyects/braintly/backend/src/features/task/adapter/task.controller.ts","statementMap":{"0":{"start":{"line":1,"column":0},"end":{"line":1,"column":null}},"1":{"start":{"line":12,"column":0},"end":{"line":12,"column":62}},"2":{"start":{"line":13,"column":0},"end":{"line":13,"column":45}},"3":{"start":{"line":15,"column":0},"end":{"line":15,"column":67}},"4":{"start":{"line":16,"column":0},"end":{"line":16,"column":54}},"5":{"start":{"line":17,"column":0},"end":{"line":17,"column":59}},"6":{"start":{"line":18,"column":0},"end":{"line":18,"column":59}},"7":{"start":{"line":19,"column":0},"end":{"line":19,"column":57}},"8":{"start":{"line":20,"column":0},"end":{"line":20,"column":72}},"9":{"start":{"line":25,"column":7},"end":{"line":68,"column":null}},"10":{"start":{"line":27,"column":21},"end":{"line":27,"column":37}},"11":{"start":{"line":28,"column":21},"end":{"line":28,"column":36}},"12":{"start":{"line":29,"column":21},"end":{"line":29,"column":36}},"13":{"start":{"line":30,"column":21},"end":{"line":30,"column":36}},"14":{"start":{"line":31,"column":21},"end":{"line":31,"column":35}},"15":{"start":{"line":32,"column":21},"end":{"line":32,"column":34}},"16":{"start":{"line":37,"column":4},"end":{"line":37,"column":37}},"17":{"start":{"line":42,"column":4},"end":{"line":42,"column":40}},"18":{"start":{"line":50,"column":17},"end":{"line":50,"column":58}},"19":{"start":{"line":51,"column":4},"end":{"line":51,"column":22}},"20":{"start":{"line":52,"column":4},"end":{"line":52,"column":45}},"21":{"start":{"line":57,"column":17},"end":{"line":57,"column":54}},"22":{"start":{"line":58,"column":4},"end":{"line":58,"column":45}},"23":{"start":{"line":65,"column":18},"end":{"line":65,"column":70}},"24":{"start":{"line":66,"column":4},"end":{"line":66,"column":51}},"25":{"start":{"line":36,"column":8},"end":{"line":38,"column":null}},"26":{"start":{"line":41,"column":8},"end":{"line":43,"column":null}},"27":{"start":{"line":46,"column":8},"end":{"line":53,"column":null}},"28":{"start":{"line":56,"column":8},"end":{"line":59,"column":null}},"29":{"start":{"line":62,"column":8},"end":{"line":67,"column":null}},"30":{"start":{"line":25,"column":13},"end":{"line":68,"column":null}},"31":{"start":{"line":25,"column":13},"end":{"line":25,"column":27}}},"fnMap":{"0":{"name":"(anonymous_4)","decl":{"start":{"line":26,"column":2},"end":{"line":26,"column":null}},"loc":{"start":{"line":32,"column":45},"end":{"line":33,"column":6}}},"1":{"name":"(anonymous_5)","decl":{"start":{"line":36,"column":2},"end":{"line":36,"column":7}},"loc":{"start":{"line":36,"column":13},"end":{"line":38,"column":3}}},"2":{"name":"(anonymous_6)","decl":{"start":{"line":41,"column":2},"end":{"line":41,"column":7}},"loc":{"start":{"line":41,"column":41},"end":{"line":43,"column":3}}},"3":{"name":"(anonymous_7)","decl":{"start":{"line":46,"column":2},"end":{"line":46,"column":7}},"loc":{"start":{"line":48,"column":21},"end":{"line":53,"column":3}}},"4":{"name":"(anonymous_8)","decl":{"start":{"line":56,"column":2},"end":{"line":56,"column":7}},"loc":{"start":{"line":56,"column":42},"end":{"line":59,"column":3}}},"5":{"name":"(anonymous_9)","decl":{"start":{"line":62,"column":2},"end":{"line":62,"column":7}},"loc":{"start":{"line":63,"column":45},"end":{"line":67,"column":3}}}},"branchMap":{},"s":{"0":1,"1":1,"2":1,"3":1,"4":1,"5":1,"6":1,"7":1,"8":1,"9":1,"10":1,"11":1,"12":1,"13":1,"14":1,"15":1,"16":0,"17":0,"18":0,"19":0,"20":0,"21":1,"22":1,"23":0,"24":0,"25":1,"26":1,"27":1,"28":1,"29":1,"30":1,"31":1},"f":{"0":1,"1":0,"2":0,"3":0,"4":1,"5":0},"b":{}}
,"/Users/julimen5/Documents/proyects/braintly/backend/src/features/task/adapter/task.mapping.ts": {"path":"/Users/julimen5/Documents/proyects/braintly/backend/src/features/task/adapter/task.mapping.ts","statementMap":{"0":{"start":{"line":2,"column":0},"end":{"line":2,"column":44}},"1":{"start":{"line":3,"column":0},"end":{"line":3,"column":50}},"2":{"start":{"line":5,"column":0},"end":{"line":5,"column":45}},"3":{"start":{"line":6,"column":0},"end":{"line":6,"column":65}},"4":{"start":{"line":7,"column":0},"end":{"line":7,"column":41}},"5":{"start":{"line":10,"column":7},"end":{"line":20,"column":null}},"6":{"start":{"line":11,"column":47},"end":{"line":11,"column":61}},"7":{"start":{"line":14,"column":4},"end":{"line":14,"column":47}},"8":{"start":{"line":18,"column":4},"end":{"line":18,"column":56}},"9":{"start":{"line":10,"column":13},"end":{"line":20,"column":null}},"10":{"start":{"line":10,"column":13},"end":{"line":10,"column":24}}},"fnMap":{"0":{"name":"(anonymous_4)","decl":{"start":{"line":11,"column":2},"end":{"line":11,"column":15}},"loc":{"start":{"line":11,"column":61},"end":{"line":11,"column":65}}},"1":{"name":"(anonymous_5)","decl":{"start":{"line":13,"column":2},"end":{"line":13,"column":12}},"loc":{"start":{"line":13,"column":22},"end":{"line":15,"column":3}}},"2":{"name":"(anonymous_6)","decl":{"start":{"line":17,"column":2},"end":{"line":17,"column":17}},"loc":{"start":{"line":17,"column":40},"end":{"line":19,"column":3}}}},"branchMap":{},"s":{"0":1,"1":1,"2":1,"3":1,"4":1,"5":1,"6":1,"7":1,"8":0,"9":1,"10":1},"f":{"0":1,"1":1,"2":0},"b":{}}
,"/Users/julimen5/Documents/proyects/braintly/backend/src/features/task/adapter/task.profile.ts": {"path":"/Users/julimen5/Documents/proyects/braintly/backend/src/features/task/adapter/task.profile.ts","statementMap":{"0":{"start":{"line":1,"column":0},"end":{"line":1,"column":null}},"1":{"start":{"line":8,"column":0},"end":{"line":8,"column":69}},"2":{"start":{"line":9,"column":0},"end":{"line":9,"column":44}},"3":{"start":{"line":10,"column":0},"end":{"line":10,"column":45}},"4":{"start":{"line":11,"column":0},"end":{"line":11,"column":41}},"5":{"start":{"line":12,"column":0},"end":{"line":12,"column":54}},"6":{"start":{"line":15,"column":7},"end":{"line":31,"column":null}},"7":{"start":{"line":17,"column":4},"end":{"line":17,"column":18}},"8":{"start":{"line":16,"column":39},"end":{"line":16,"column":53}},"9":{"start":{"line":21,"column":4},"end":{"line":29,"column":6}},"10":{"start":{"line":22,"column":6},"end":{"line":27,"column":8}},"11":{"start":{"line":26,"column":25},"end":{"line":26,"column":29}},"12":{"start":{"line":28,"column":6},"end":{"line":28,"column":39}},"13":{"start":{"line":15,"column":13},"end":{"line":31,"column":null}},"14":{"start":{"line":15,"column":13},"end":{"line":15,"column":24}}},"fnMap":{"0":{"name":"(anonymous_4)","decl":{"start":{"line":16,"column":2},"end":{"line":16,"column":15}},"loc":{"start":{"line":16,"column":53},"end":{"line":18,"column":3}}},"1":{"name":"(anonymous_5)","decl":{"start":{"line":20,"column":2},"end":{"line":20,"column":6}},"loc":{"start":{"line":20,"column":13},"end":{"line":30,"column":3}}},"2":{"name":"(anonymous_6)","decl":{"start":{"line":21,"column":11},"end":{"line":21,"column":12}},"loc":{"start":{"line":21,"column":36},"end":{"line":29,"column":5}}},"3":{"name":"(anonymous_7)","decl":{"start":{"line":26,"column":18},"end":{"line":26,"column":19}},"loc":{"start":{"line":26,"column":25},"end":{"line":26,"column":29}}}},"branchMap":{},"s":{"0":1,"1":1,"2":1,"3":1,"4":1,"5":1,"6":1,"7":1,"8":1,"9":1,"10":1,"11":1,"12":1,"13":1,"14":1},"f":{"0":1,"1":1,"2":1,"3":1},"b":{}}
,"/Users/julimen5/Documents/proyects/braintly/backend/src/features/task/adapter/dto/task.create.dto.ts": {"path":"/Users/julimen5/Documents/proyects/braintly/backend/src/features/task/adapter/dto/task.create.dto.ts","statementMap":{"0":{"start":{"line":1,"column":0},"end":{"line":1,"column":46}},"1":{"start":{"line":2,"column":0},"end":{"line":2,"column":null}},"2":{"start":{"line":9,"column":0},"end":{"line":9,"column":59}},"3":{"start":{"line":12,"column":2},"end":{"line":16,"column":null}},"4":{"start":{"line":18,"column":2},"end":{"line":22,"column":null}},"5":{"start":{"line":11,"column":0},"end":{"line":11,"column":13}}},"fnMap":{},"branchMap":{},"s":{"0":1,"1":1,"2":1,"3":1,"4":1,"5":1},"f":{},"b":{}}
,"/Users/julimen5/Documents/proyects/braintly/backend/src/features/task/adapter/dto/task.dto.ts": {"path":"/Users/julimen5/Documents/proyects/braintly/backend/src/features/task/adapter/dto/task.dto.ts","statementMap":{"0":{"start":{"line":1,"column":0},"end":{"line":1,"column":46}},"1":{"start":{"line":2,"column":0},"end":{"line":2,"column":49}},"2":{"start":{"line":5,"column":2},"end":{"line":6,"column":null}},"3":{"start":{"line":8,"column":2},"end":{"line":9,"column":null}},"4":{"start":{"line":11,"column":2},"end":{"line":12,"column":null}},"5":{"start":{"line":14,"column":2},"end":{"line":15,"column":null}},"6":{"start":{"line":17,"column":2},"end":{"line":18,"column":null}},"7":{"start":{"line":20,"column":2},"end":{"line":21,"column":null}},"8":{"start":{"line":4,"column":0},"end":{"line":4,"column":13}}},"fnMap":{},"branchMap":{},"s":{"0":1,"1":1,"2":1,"3":1,"4":1,"5":1,"6":1,"7":1,"8":1},"f":{},"b":{}}
,"/Users/julimen5/Documents/proyects/braintly/backend/src/features/task/domain/state.enum.ts": {"path":"/Users/julimen5/Documents/proyects/braintly/backend/src/features/task/domain/state.enum.ts","statementMap":{"0":{"start":{"line":1,"column":0},"end":{"line":1,"column":null}},"1":{"start":{"line":2,"column":2},"end":{"line":2,"column":null}},"2":{"start":{"line":3,"column":2},"end":{"line":3,"column":null}},"3":{"start":{"line":4,"column":2},"end":{"line":4,"column":null}}},"fnMap":{"0":{"name":"(anonymous_0)","decl":{"start":{"line":1,"column":0},"end":{"line":1,"column":12}},"loc":{"start":{"line":1,"column":18},"end":{"line":5,"column":1}}}},"branchMap":{"0":{"loc":{"start":{"line":1,"column":12},"end":{"line":1,"column":null}},"type":"binary-expr","locations":[{"start":{"line":1,"column":12},"end":{"line":1,"column":18}},{"start":{"line":1,"column":12},"end":{"line":1,"column":null}}]}},"s":{"0":1,"1":1,"2":1,"3":1},"f":{"0":1},"b":{"0":[1,1]}}
,"/Users/julimen5/Documents/proyects/braintly/backend/src/features/task/domain/task.entity.ts": {"path":"/Users/julimen5/Documents/proyects/braintly/backend/src/features/task/domain/task.entity.ts","statementMap":{"0":{"start":{"line":1,"column":0},"end":{"line":1,"column":46}},"1":{"start":{"line":2,"column":0},"end":{"line":2,"column":77}},"2":{"start":{"line":3,"column":0},"end":{"line":3,"column":56}},"3":{"start":{"line":4,"column":0},"end":{"line":4,"column":38}},"4":{"start":{"line":7,"column":7},"end":{"line":43,"column":null}},"5":{"start":{"line":10,"column":2},"end":{"line":12,"column":null}},"6":{"start":{"line":14,"column":2},"end":{"line":16,"column":null}},"7":{"start":{"line":18,"column":2},"end":{"line":25,"column":null}},"8":{"start":{"line":23,"column":19},"end":{"line":23,"column":23}},"9":{"start":{"line":27,"column":2},"end":{"line":32,"column":null}},"10":{"start":{"line":30,"column":19},"end":{"line":30,"column":41}},"11":{"start":{"line":34,"column":2},"end":{"line":40,"column":null}},"12":{"start":{"line":37,"column":19},"end":{"line":37,"column":41}},"13":{"start":{"line":7,"column":13},"end":{"line":43,"column":null}},"14":{"start":{"line":7,"column":13},"end":{"line":7,"column":17}}},"fnMap":{"0":{"name":"(anonymous_2)","decl":{"start":{"line":23,"column":13},"end":{"line":23,"column":16}},"loc":{"start":{"line":23,"column":19},"end":{"line":23,"column":23}}},"1":{"name":"(anonymous_3)","decl":{"start":{"line":30,"column":13},"end":{"line":30,"column":16}},"loc":{"start":{"line":30,"column":19},"end":{"line":30,"column":41}}},"2":{"name":"(anonymous_4)","decl":{"start":{"line":37,"column":13},"end":{"line":37,"column":16}},"loc":{"start":{"line":37,"column":19},"end":{"line":37,"column":41}}}},"branchMap":{},"s":{"0":1,"1":1,"2":1,"3":1,"4":1,"5":1,"6":1,"7":1,"8":2,"9":1,"10":2,"11":1,"12":2,"13":1,"14":1},"f":{"0":2,"1":2,"2":2},"b":{}}
,"/Users/julimen5/Documents/proyects/braintly/backend/src/features/task/domain/task.interface.repository.ts": {"path":"/Users/julimen5/Documents/proyects/braintly/backend/src/features/task/domain/task.interface.repository.ts","statementMap":{"0":{"start":{"line":2,"column":0},"end":{"line":2,"column":90}},"1":{"start":{"line":4,"column":0},"end":{"line":4,"column":22}}},"fnMap":{},"branchMap":{},"s":{"0":1,"1":1},"f":{},"b":{}}
,"/Users/julimen5/Documents/proyects/braintly/backend/src/features/task/domain/task.repository.ts": {"path":"/Users/julimen5/Documents/proyects/braintly/backend/src/features/task/domain/task.repository.ts","statementMap":{"0":{"start":{"line":1,"column":0},"end":{"line":1,"column":44}},"1":{"start":{"line":2,"column":0},"end":{"line":2,"column":37}},"2":{"start":{"line":3,"column":0},"end":{"line":3,"column":51}},"3":{"start":{"line":4,"column":0},"end":{"line":4,"column":37}},"4":{"start":{"line":6,"column":0},"end":{"line":6,"column":80}},"5":{"start":{"line":9,"column":7},"end":{"line":19,"column":null}},"6":{"start":{"line":17,"column":4},"end":{"line":17,"column":26}},"7":{"start":{"line":15,"column":21},"end":{"line":15,"column":37}},"8":{"start":{"line":9,"column":13},"end":{"line":19,"column":null}},"9":{"start":{"line":9,"column":13},"end":{"line":9,"column":27}}},"fnMap":{"0":{"name":"(anonymous_4)","decl":{"start":{"line":13,"column":2},"end":{"line":13,"column":null}},"loc":{"start":{"line":15,"column":53},"end":{"line":18,"column":3}}}},"branchMap":{},"s":{"0":1,"1":1,"2":1,"3":1,"4":1,"5":1,"6":1,"7":1,"8":1,"9":1},"f":{"0":1},"b":{}}
,"/Users/julimen5/Documents/proyects/braintly/backend/src/features/task/usecases/count.usecase.ts": {"path":"/Users/julimen5/Documents/proyects/braintly/backend/src/features/task/usecases/count.usecase.ts","statementMap":{"0":{"start":{"line":1,"column":0},"end":{"line":1,"column":44}},"1":{"start":{"line":3,"column":0},"end":{"line":3,"column":78}},"2":{"start":{"line":7,"column":7},"end":{"line":27,"column":null}},"3":{"start":{"line":10,"column":31},"end":{"line":10,"column":47}},"4":{"start":{"line":8,"column":19},"end":{"line":8,"column":39}},"5":{"start":{"line":13,"column":4},"end":{"line":25,"column":11}},"6":{"start":{"line":21,"column":6},"end":{"line":23,"column":null}},"7":{"start":{"line":7,"column":13},"end":{"line":27,"column":null}},"8":{"start":{"line":7,"column":13},"end":{"line":7,"column":25}}},"fnMap":{"0":{"name":"(anonymous_2)","decl":{"start":{"line":10,"column":2},"end":{"line":10,"column":31}},"loc":{"start":{"line":10,"column":70},"end":{"line":10,"column":74}}},"1":{"name":"(anonymous_3)","decl":{"start":{"line":12,"column":2},"end":{"line":12,"column":7}},"loc":{"start":{"line":12,"column":13},"end":{"line":26,"column":3}}},"2":{"name":"(anonymous_4)","decl":{"start":{"line":20,"column":13},"end":{"line":20,"column":14}},"loc":{"start":{"line":20,"column":26},"end":{"line":25,"column":5}}}},"branchMap":{},"s":{"0":1,"1":1,"2":1,"3":1,"4":1,"5":0,"6":0,"7":1,"8":1},"f":{"0":1,"1":0,"2":0},"b":{}}
,"/Users/julimen5/Documents/proyects/braintly/backend/src/features/task/usecases/create.usecase.ts": {"path":"/Users/julimen5/Documents/proyects/braintly/backend/src/features/task/usecases/create.usecase.ts","statementMap":{"0":{"start":{"line":1,"column":0},"end":{"line":1,"column":44}},"1":{"start":{"line":3,"column":0},"end":{"line":3,"column":78}},"2":{"start":{"line":8,"column":7},"end":{"line":17,"column":null}},"3":{"start":{"line":11,"column":31},"end":{"line":11,"column":47}},"4":{"start":{"line":9,"column":19},"end":{"line":9,"column":39}},"5":{"start":{"line":14,"column":17},"end":{"line":14,"column":49}},"6":{"start":{"line":15,"column":4},"end":{"line":15,"column":44}},"7":{"start":{"line":8,"column":13},"end":{"line":17,"column":null}},"8":{"start":{"line":8,"column":13},"end":{"line":8,"column":26}}},"fnMap":{"0":{"name":"(anonymous_2)","decl":{"start":{"line":11,"column":2},"end":{"line":11,"column":31}},"loc":{"start":{"line":11,"column":70},"end":{"line":11,"column":74}}},"1":{"name":"(anonymous_3)","decl":{"start":{"line":13,"column":2},"end":{"line":13,"column":7}},"loc":{"start":{"line":13,"column":34},"end":{"line":16,"column":3}}}},"branchMap":{},"s":{"0":1,"1":1,"2":1,"3":1,"4":1,"5":1,"6":1,"7":1,"8":1},"f":{"0":1,"1":1},"b":{}}
,"/Users/julimen5/Documents/proyects/braintly/backend/src/features/task/usecases/delete.usecase.service.ts": {"path":"/Users/julimen5/Documents/proyects/braintly/backend/src/features/task/usecases/delete.usecase.service.ts","statementMap":{"0":{"start":{"line":1,"column":0},"end":{"line":1,"column":44}},"1":{"start":{"line":3,"column":0},"end":{"line":3,"column":78}},"2":{"start":{"line":6,"column":7},"end":{"line":14,"column":null}},"3":{"start":{"line":9,"column":31},"end":{"line":9,"column":47}},"4":{"start":{"line":7,"column":19},"end":{"line":7,"column":39}},"5":{"start":{"line":12,"column":4},"end":{"line":12,"column":45}},"6":{"start":{"line":6,"column":13},"end":{"line":14,"column":null}},"7":{"start":{"line":6,"column":13},"end":{"line":6,"column":26}}},"fnMap":{"0":{"name":"(anonymous_2)","decl":{"start":{"line":9,"column":2},"end":{"line":9,"column":31}},"loc":{"start":{"line":9,"column":70},"end":{"line":9,"column":74}}},"1":{"name":"(anonymous_3)","decl":{"start":{"line":11,"column":2},"end":{"line":11,"column":7}},"loc":{"start":{"line":11,"column":25},"end":{"line":13,"column":3}}}},"branchMap":{},"s":{"0":1,"1":1,"2":1,"3":1,"4":1,"5":0,"6":1,"7":1},"f":{"0":1,"1":0},"b":{}}
,"/Users/julimen5/Documents/proyects/braintly/backend/src/features/task/usecases/find-all.usecase.ts": {"path":"/Users/julimen5/Documents/proyects/braintly/backend/src/features/task/usecases/find-all.usecase.ts","statementMap":{"0":{"start":{"line":1,"column":0},"end":{"line":1,"column":44}},"1":{"start":{"line":3,"column":0},"end":{"line":3,"column":78}},"2":{"start":{"line":8,"column":7},"end":{"line":18,"column":null}},"3":{"start":{"line":11,"column":31},"end":{"line":11,"column":47}},"4":{"start":{"line":9,"column":19},"end":{"line":9,"column":39}},"5":{"start":{"line":14,"column":4},"end":{"line":16,"column":7}},"6":{"start":{"line":8,"column":13},"end":{"line":18,"column":null}},"7":{"start":{"line":8,"column":13},"end":{"line":8,"column":27}}},"fnMap":{"0":{"name":"(anonymous_2)","decl":{"start":{"line":11,"column":2},"end":{"line":11,"column":31}},"loc":{"start":{"line":11,"column":70},"end":{"line":11,"column":74}}},"1":{"name":"(anonymous_3)","decl":{"start":{"line":13,"column":2},"end":{"line":13,"column":7}},"loc":{"start":{"line":13,"column":48},"end":{"line":17,"column":3}}}},"branchMap":{},"s":{"0":1,"1":1,"2":1,"3":1,"4":1,"5":0,"6":1,"7":1},"f":{"0":1,"1":0},"b":{}}
,"/Users/julimen5/Documents/proyects/braintly/backend/src/features/task/usecases/update.usecase.ts": {"path":"/Users/julimen5/Documents/proyects/braintly/backend/src/features/task/usecases/update.usecase.ts","statementMap":{"0":{"start":{"line":1,"column":0},"end":{"line":1,"column":44}},"1":{"start":{"line":3,"column":0},"end":{"line":3,"column":78}},"2":{"start":{"line":9,"column":7},"end":{"line":22,"column":null}},"3":{"start":{"line":12,"column":31},"end":{"line":12,"column":47}},"4":{"start":{"line":10,"column":19},"end":{"line":10,"column":39}},"5":{"start":{"line":15,"column":17},"end":{"line":15,"column":58}},"6":{"start":{"line":16,"column":4},"end":{"line":20,"column":null}},"7":{"start":{"line":17,"column":6},"end":{"line":17,"column":69}},"8":{"start":{"line":19,"column":6},"end":{"line":19,"column":29}},"9":{"start":{"line":9,"column":13},"end":{"line":22,"column":null}},"10":{"start":{"line":9,"column":13},"end":{"line":9,"column":26}}},"fnMap":{"0":{"name":"(anonymous_2)","decl":{"start":{"line":12,"column":2},"end":{"line":12,"column":31}},"loc":{"start":{"line":12,"column":70},"end":{"line":12,"column":74}}},"1":{"name":"(anonymous_3)","decl":{"start":{"line":14,"column":2},"end":{"line":14,"column":7}},"loc":{"start":{"line":14,"column":55},"end":{"line":21,"column":3}}}},"branchMap":{"0":{"loc":{"start":{"line":16,"column":4},"end":{"line":20,"column":null}},"type":"if","locations":[{"start":{"line":16,"column":4},"end":{"line":20,"column":null}},{"start":{"line":18,"column":11},"end":{"line":20,"column":null}}]}},"s":{"0":1,"1":1,"2":1,"3":1,"4":1,"5":0,"6":0,"7":0,"8":0,"9":1,"10":1},"f":{"0":1,"1":0},"b":{"0":[0,0]}}
}
